<?xml version="1.0" encoding="UTF-8"?>
<!-- Generated by org.testng.reporters.JUnitReportReporter -->
<testsuite hostname="DESKTOP-7E29BLJ" failures="0" tests="1" name="testscript.LoginpageFactory" time="3.038" errors="0" timestamp="2024-12-12T19:36:20 IST" skipped="0">
  <testcase classname="testscript.LoginpageFactory" name="loginWithIncorrectPasswordAndUsername" time="3.038"/>
</testsuite> <!-- testscript.LoginpageFactory -->
