<?xml version="1.0" encoding="UTF-8"?>
<!-- Generated by org.testng.reporters.JUnitReportReporter -->
<testsuite hostname="DESKTOP-7E29BLJ" failures="0" tests="1" name="testscript.ManageContactUpdateButtonTest" time="7.374" errors="0" timestamp="2025-01-12T14:38:46 IST" skipped="0">
  <testcase classname="testscript.ManageContactUpdateButtonTest" name="verifyManageContactUpdateTest" time="7.374"/>
</testsuite> <!-- testscript.ManageContactUpdateButtonTest -->
