<?xml version="1.0" encoding="UTF-8"?>
<!-- Generated by org.testng.reporters.JUnitReportReporter -->
<testsuite hostname="DESKTOP-7E29BLJ" failures="0" tests="1" name="testscript.Login" time="2.434" errors="0" timestamp="2024-12-09T22:51:27 IST" skipped="0">
  <testcase classname="testscript.Login" name="loginWithIncorrectPasswordAndUsername" time="2.434"/>
</testsuite> <!-- testscript.Login -->
