<?xml version="1.0" encoding="UTF-8"?>
<!-- Generated by org.testng.reporters.JUnitReportReporter -->
<testsuite hostname="DESKTOP-7E29BLJ" failures="0" tests="1" name="testscript.AdminUserTest" time="7.811" errors="0" timestamp="2025-01-14T17:18:20 IST" skipped="0">
  <testcase classname="testscript.AdminUserTest" name="adminUserDeleteTest" time="7.811"/>
</testsuite> <!-- testscript.AdminUserTest -->
