<?xml version="1.0" encoding="UTF-8"?>
<!-- Generated by org.testng.reporters.JUnitReportReporter -->
<testsuite hostname="DESKTOP-7E29BLJ" failures="0" tests="1" name="testscript.ManageFooterUpdateButtonDisplayed" time="4.558" errors="0" timestamp="2025-01-01T10:42:32 IST" skipped="0">
  <testcase classname="testscript.ManageFooterUpdateButtonDisplayed" name="adminUserTest" time="4.558"/>
</testsuite> <!-- testscript.ManageFooterUpdateButtonDisplayed -->
