<?xml version="1.0" encoding="UTF-8"?>
<!-- Generated by org.testng.reporters.JUnitReportReporter -->
<testsuite hostname="DESKTOP-7E29BLJ" failures="0" tests="1" name="testscript.LoginTest" time="5.019" errors="0" timestamp="2025-01-15T21:12:36 IST" skipped="0">
  <testcase classname="testscript.LoginTest" name="loginWithIncorrectPasswordAndUsername" time="5.019"/>
</testsuite> <!-- testscript.LoginTest -->
