<?xml version="1.0" encoding="UTF-8"?>
<!-- Generated by org.testng.reporters.JUnitReportReporter -->
<testsuite hostname="DESKTOP-7E29BLJ" failures="0" tests="1" name="testscript.ManageFooterTest" time="9.644" errors="0" timestamp="2025-01-07T21:31:06 IST" skipped="0">
  <testcase classname="testscript.ManageFooterTest" name="adminUserTest" time="9.644"/>
</testsuite> <!-- testscript.ManageFooterTest -->
