<?xml version="1.0" encoding="UTF-8"?>
<!-- Generated by org.testng.reporters.JUnitReportReporter -->
<testsuite hostname="DESKTOP-7E29BLJ" failures="0" tests="1" name="testscript.AdminUserDeleteTest" time="5.924" errors="0" timestamp="2025-01-12T14:53:40 IST" skipped="0">
  <testcase classname="testscript.AdminUserDeleteTest" name="adminUserTest" time="5.924"/>
</testsuite> <!-- testscript.AdminUserDeleteTest -->
