<?xml version="1.0" encoding="UTF-8"?>
<!-- Generated by org.testng.reporters.JUnitReportReporter -->
<testsuite hostname="DESKTOP-7E29BLJ" failures="0" tests="2" name="testscript.ManageContactTest" time="7.113" errors="0" timestamp="2025-01-16T19:36:57 IST" skipped="0">
  <testcase classname="testscript.ManageContactTest" name="verifyManageContactUpdateTest" time="4.194"/>
  <testcase classname="testscript.ManageContactTest" name="verifyManageContactUpdateButtonTest" time="2.919"/>
</testsuite> <!-- testscript.ManageContactTest -->
