<?xml version="1.0" encoding="UTF-8"?>
<!-- Generated by org.testng.reporters.JUnitReportReporter -->
<testsuite hostname="DESKTOP-7E29BLJ" failures="0" tests="1" name="testscript.HomePageTest" time="4.791" errors="0" timestamp="2025-01-16T19:36:57 IST" skipped="0">
  <testcase classname="testscript.HomePageTest" name="verifyLogoutFunctionality" time="4.791"/>
</testsuite> <!-- testscript.HomePageTest -->
