<?xml version="1.0" encoding="UTF-8"?>
<!-- Generated by org.testng.reporters.JUnitReportReporter -->
<testsuite hostname="DESKTOP-7E29BLJ" failures="0" tests="1" name="testscript.LoginTest" time="4.861" errors="0" timestamp="2025-01-16T21:20:25 IST" skipped="0">
  <testcase classname="testscript.LoginTest" name="loginWithIncorrectPasswordAndUsername" time="4.861"/>
</testsuite> <!-- testscript.LoginTest -->
