<?xml version="1.0" encoding="UTF-8"?>
<!-- Generated by org.testng.reporters.JUnitReportReporter -->
<testsuite hostname="DESKTOP-7E29BLJ" failures="0" tests="1" name="testscript.LoginTest" time="7.949" errors="0" timestamp="2025-01-16T20:34:50 IST" skipped="0">
  <testcase classname="testscript.LoginTest" name="loginWithIncorrectPasswordAndUsername" time="7.949"/>
</testsuite> <!-- testscript.LoginTest -->
